0 info it worked if it ends with ok
1 verbose cli [ '/home/ubuntu/.nvm/v0.10.35/bin/node',
1 verbose cli   '/home/ubuntu/.nvm/v0.10.35/bin/npm',
1 verbose cli   'install',
1 verbose cli   'bodyParser' ]
2 info using npm@1.4.28
3 info using node@v0.10.35
4 warn package.json @ No description
5 warn package.json @ No repository field.
6 warn package.json @ No README data
7 verbose readDependencies using package.json deps
8 verbose cache add [ 'bodyParser', null ]
9 verbose cache add name=undefined spec="bodyParser" args=["bodyParser",null]
10 verbose parsed url { protocol: null,
10 verbose parsed url   slashes: null,
10 verbose parsed url   auth: null,
10 verbose parsed url   host: null,
10 verbose parsed url   port: null,
10 verbose parsed url   hostname: null,
10 verbose parsed url   hash: null,
10 verbose parsed url   search: null,
10 verbose parsed url   query: null,
10 verbose parsed url   pathname: 'bodyParser',
10 verbose parsed url   path: 'bodyParser',
10 verbose parsed url   href: 'bodyParser' }
11 silly lockFile caa4c3c7-bodyParser bodyParser
12 verbose lock bodyParser /home/ubuntu/.npm/caa4c3c7-bodyParser.lock
13 silly lockFile caa4c3c7-bodyParser bodyParser
14 silly lockFile caa4c3c7-bodyParser bodyParser
15 verbose addNamed [ 'bodyParser', '' ]
16 verbose addNamed [ null, '*' ]
17 silly lockFile e0b6bd45-bodyParser bodyParser@
18 verbose lock bodyParser@ /home/ubuntu/.npm/e0b6bd45-bodyParser.lock
19 silly addNameRange { name: 'bodyParser', range: '*', hasData: false }
20 verbose request where is /bodyParser
21 verbose request registry https://registry.npmjs.org/
22 verbose request id 635da56427219503
23 verbose url raw /bodyParser
24 verbose url resolving [ 'https://registry.npmjs.org/', './bodyParser' ]
25 verbose url resolved https://registry.npmjs.org/bodyParser
26 verbose request where is https://registry.npmjs.org/bodyParser
27 info trying registry request attempt 1 at 06:35:50
28 http GET https://registry.npmjs.org/bodyParser
29 http 404 https://registry.npmjs.org/bodyParser
30 silly registry.get cb [ 404,
30 silly registry.get   { 'content-type': 'application/json',
30 silly registry.get     'cache-control': 'max-age=0',
30 silly registry.get     'content-length': '2',
30 silly registry.get     'accept-ranges': 'bytes',
30 silly registry.get     date: 'Fri, 09 Oct 2015 06:35:50 GMT',
30 silly registry.get     via: '1.1 varnish',
30 silly registry.get     age: '0',
30 silly registry.get     connection: 'keep-alive',
30 silly registry.get     'x-served-by': 'cache-lcy1125-LCY',
30 silly registry.get     'x-cache': 'MISS',
30 silly registry.get     'x-cache-hits': '0',
30 silly registry.get     'x-timer': 'S1444372550.193144,VS0,VE96' } ]
31 silly lockFile e0b6bd45-bodyParser bodyParser@
32 silly lockFile e0b6bd45-bodyParser bodyParser@
33 error 404 Not Found
33 error 404
33 error 404 'bodyParser' is not in the npm registry.
33 error 404 You should bug the author to publish it
33 error 404
33 error 404 Note that you can also install from a
33 error 404 tarball, folder, or http url, or git url.
34 error System Linux 4.2.0-c9
35 error command "/home/ubuntu/.nvm/v0.10.35/bin/node" "/home/ubuntu/.nvm/v0.10.35/bin/npm" "install" "bodyParser"
36 error cwd /home/ubuntu/workspace/gyak5
37 error node -v v0.10.35
38 error npm -v 1.4.28
39 error code E404
40 verbose exit [ 1, true ]
